<html xmlns:math="http://exslt.org/math" xmlns:testng="http://testng.org">
   <head>
      <title>TestNG Results</title>
      <meta http-equiv="content-type" content="text/html; charset=utf-8"></meta>
      <meta http-equiv="pragma" content="no-cache"></meta>
      <meta http-equiv="cache-control" content="max-age=0"></meta>
      <meta http-equiv="cache-control" content="no-cache"></meta>
      <meta http-equiv="cache-control" content="no-store"></meta>
      <LINK rel="stylesheet" href="style.css"></LINK>
      <script type="text/javascript" src="main.js"></script>
   </head>
   <body>
      <table width="100%" style="font-size: 16px; margin-bottom: 10px;" cellspacing="1">
         <tr>
            <td width="100%">
               Test case
               
               <b>test1(failed)</b>
            </td>
            <td style="background-color: #FFBBBB; padding: 3px 3px 3px 0;" align="center">
               <div style="width: 50px;">3</div>
            </td>
            <td style="background-color: lightgreen; padding: 3px 3px 3px 0;" align="center">
               <div style="width: 50px;">0</div>
            </td>
            <td style="background-color: #FFFFBB; padding: 3px 3px 3px 0;" align="center">
               <div style="width: 50px;">0</div>
            </td>
            <td align="center" style="background-color: #eaf0f7; padding: 3px 3px 3px 0;">
               <div style="width: 50px;">3</div>
            </td>
            <td align="center"
                style="font-weight: bold; background-color: #eaf0f7; padding: 3px 3px 3px 0;">
               <div style="width: 50px;">0%</div>
            </td>
         </tr>
      </table>
      <div style="width: 200px;">
         <label for="groupMethodsCheckBox" style="font-weight: bold; margin: 0;">
            <input id="groupMethodsCheckBox" type="checkbox" onclick="switchTestMethodsView(this)"></input>
            Group by class
            
         </label>
         <br></br>
         <label for="methodsFilter_ALL" style="font-weight: bold; margin: 0;">
            <input id="methodsFilter_ALL" type="checkbox"
                   onclick="testMethodsFilterChanged(this, 'ALL')"></input>
            All
            
         </label>
      </div>
      <label for="methodsFilter_FAIL" style="margin-left: 20px;">
         <input id="methodsFilter_FAIL" type="checkbox"
                onclick="testMethodsFilterChanged(this, 'FAIL')"
                checked=""></input>
         Failed
         
      </label>
      <label for="methodsFilter_PASS">
         <input id="methodsFilter_PASS" type="checkbox"
                onclick="testMethodsFilterChanged(this, 'PASS')"
                checked=""></input>
         Passed
         
      </label>
      <label for="methodsFilter_SKIP">
         <input id="methodsFilter_SKIP" type="checkbox"
                onclick="testMethodsFilterChanged(this, 'SKIP')"
                checked=""></input>
         Skipped
         
      </label>
      <label for="methodsFilter_CONF">
         <input id="methodsFilter_CONF" type="checkbox"
                onclick="testMethodsFilterChanged(this, 'CONF')"></input>
         Config
         
      </label>
      <br></br>
      <div id="testMethodsByStatus">
         <table class="testMethodsTable" cellpadding="0" cellspacing="0">
            <tr class="methodsTableHeader">
               <td width="100%">Name</td>
               <td nowrap="true">Started</td>
               <td nowrap="true">Duration</td>
               <td>Exception</td>
            </tr>
            <tr id="testObjects.TestLoginPage_testLogin_byStatus_failed_FAIL1_row"
                class="testMethodStatusFAIL">
               <td width="100%" class="firstMethodCell">
                  <a onclick="toggleDetailsVisibility('testObjects.TestLoginPage_testLogin_byStatus_failed_FAIL1_details')">testLogin(13714672761
                     
                     ,
                     
                     4717141888
                     
                     ,
                     
                     用户名或密码错误！)
                  </a>
               </td>
               <td nowrap="true">14:07:35</td>
               <td nowrap="true" align="right">1s
                  
               </td>
               <td nowrap="true">
                  <a onclick="toggleDetailsVisibility('testObjects.TestLoginPage_testLogin_byStatus_failed_FAIL1_exception')">java.lang.AssertionError: 
                     进行截图
                     
                  </a>
                   
                  
               </td>
            </tr>
            <tr>
               <td colspan="4"
                   style="padding: 0; background-color: white; border-style: none; height: 0px;">
                  <div id="testObjects.TestLoginPage_testLogin_byStatus_failed_FAIL1_details"
                       class="testMethodDetails">
                     <div>
                        <b>Name:
                           
                        </b>testLogin
                     </div>
                     <div>
                        <b>Signature:
                           
                        </b>testLogin(java.lang.String, java.lang.String, java.lang.String)[pri:3, instance:testObjects.TestLoginPage@7b10563c]
                     </div>
                     <div>
                        <b>Parameters:
                           
                        </b>
                        
                        13714672761
                        
                        ,
                        
                        4717141888
                        
                        ,
                        
                        用户名或密码错误！
                        
                        
                     </div>
                     <div>
                        <b>Start time:
                           
                        </b>14:07:35
                     </div>
                     <div>
                        <b>End time:
                           
                        </b>14:07:36
                     </div>
                     <div>
                        <b>Duration:
                           
                        </b>1s
                        
                     </div>
                  </div>
               </td>
            </tr>
            <tr>
               <td colspan="4"
                   style="padding: 0; background-color: white; border-style: none; height: 0px;">
                  <div id="testObjects.TestLoginPage_testLogin_byStatus_failed_FAIL1_exception"
                       class="testMethodDetails">
                     <pre style="padding: 5px; margin: 0;">java.lang.AssertionError: 进行截图
                        	at org.testng.Assert.fail(Assert.java:94)
                        	at testObjects.TestLoginPage.testLogin(TestLoginPage.java:41)
                        	at sun.reflect.NativeMethodAccessorImpl.invoke0(Native Method)
                        	at sun.reflect.NativeMethodAccessorImpl.invoke(Unknown Source)
                        	at sun.reflect.DelegatingMethodAccessorImpl.invoke(Unknown Source)
                        	at java.lang.reflect.Method.invoke(Unknown Source)
                        	at org.testng.internal.MethodInvocationHelper.invokeMethod(MethodInvocationHelper.java:85)
                        	at org.testng.internal.Invoker.invokeMethod(Invoker.java:639)
                        	at org.testng.internal.Invoker.invokeTestMethod(Invoker.java:816)
                        	at org.testng.internal.Invoker.invokeTestMethods(Invoker.java:1124)
                        	at org.testng.internal.TestMethodWorker.invokeTestMethods(TestMethodWorker.java:125)
                        	at org.testng.internal.TestMethodWorker.run(TestMethodWorker.java:108)
                        	at org.testng.TestRunner.privateRun(TestRunner.java:774)
                        	at org.testng.TestRunner.run(TestRunner.java:624)
                        	at org.testng.SuiteRunner.runTest(SuiteRunner.java:359)
                        	at org.testng.SuiteRunner.runSequentially(SuiteRunner.java:354)
                        	at org.testng.SuiteRunner.privateRun(SuiteRunner.java:312)
                        	at org.testng.SuiteRunner.run(SuiteRunner.java:261)
                        	at org.testng.SuiteRunnerWorker.runSuite(SuiteRunnerWorker.java:52)
                        	at org.testng.SuiteRunnerWorker.run(SuiteRunnerWorker.java:86)
                        	at org.testng.TestNG.runSuitesSequentially(TestNG.java:1215)
                        	at org.testng.TestNG.runSuitesLocally(TestNG.java:1140)
                        	at org.testng.TestNG.run(TestNG.java:1048)
                        	at org.testng.remote.RemoteTestNG.run(RemoteTestNG.java:112)
                        	at org.testng.remote.RemoteTestNG.initAndRun(RemoteTestNG.java:205)
                        	at org.testng.remote.RemoteTestNG.main(RemoteTestNG.java:176)
                     </pre>
                  </div>
               </td>
            </tr>
            <tr id="testObjects.TestLoginPage_testLogin_byStatus_failed_FAIL2_row"
                class="testMethodStatusFAIL">
               <td width="100%" class="firstMethodCell">
                  <a onclick="toggleDetailsVisibility('testObjects.TestLoginPage_testLogin_byStatus_failed_FAIL2_details')">testLogin(13714672791
                     
                     ,
                     
                     4717141888
                     
                     ,
                     
                     用户名或密码错误！)
                  </a>
               </td>
               <td nowrap="true">14:07:36</td>
               <td nowrap="true" align="right">1s
                  
               </td>
               <td nowrap="true">
                  <a onclick="toggleDetailsVisibility('testObjects.TestLoginPage_testLogin_byStatus_failed_FAIL2_exception')">java.lang.AssertionError: 
                     进行截图
                     
                  </a>
                   
                  
               </td>
            </tr>
            <tr>
               <td colspan="4"
                   style="padding: 0; background-color: white; border-style: none; height: 0px;">
                  <div id="testObjects.TestLoginPage_testLogin_byStatus_failed_FAIL2_details"
                       class="testMethodDetails">
                     <div>
                        <b>Name:
                           
                        </b>testLogin
                     </div>
                     <div>
                        <b>Signature:
                           
                        </b>testLogin(java.lang.String, java.lang.String, java.lang.String)[pri:3, instance:testObjects.TestLoginPage@7b10563c]
                     </div>
                     <div>
                        <b>Parameters:
                           
                        </b>
                        
                        13714672791
                        
                        ,
                        
                        4717141888
                        
                        ,
                        
                        用户名或密码错误！
                        
                        
                     </div>
                     <div>
                        <b>Start time:
                           
                        </b>14:07:36
                     </div>
                     <div>
                        <b>End time:
                           
                        </b>14:07:37
                     </div>
                     <div>
                        <b>Duration:
                           
                        </b>1s
                        
                     </div>
                  </div>
               </td>
            </tr>
            <tr>
               <td colspan="4"
                   style="padding: 0; background-color: white; border-style: none; height: 0px;">
                  <div id="testObjects.TestLoginPage_testLogin_byStatus_failed_FAIL2_exception"
                       class="testMethodDetails">
                     <pre style="padding: 5px; margin: 0;">java.lang.AssertionError: 进行截图
                        	at org.testng.Assert.fail(Assert.java:94)
                        	at testObjects.TestLoginPage.testLogin(TestLoginPage.java:41)
                        	at sun.reflect.NativeMethodAccessorImpl.invoke0(Native Method)
                        	at sun.reflect.NativeMethodAccessorImpl.invoke(Unknown Source)
                        	at sun.reflect.DelegatingMethodAccessorImpl.invoke(Unknown Source)
                        	at java.lang.reflect.Method.invoke(Unknown Source)
                        	at org.testng.internal.MethodInvocationHelper.invokeMethod(MethodInvocationHelper.java:85)
                        	at org.testng.internal.Invoker.invokeMethod(Invoker.java:639)
                        	at org.testng.internal.Invoker.invokeTestMethod(Invoker.java:816)
                        	at org.testng.internal.Invoker.invokeTestMethods(Invoker.java:1124)
                        	at org.testng.internal.TestMethodWorker.invokeTestMethods(TestMethodWorker.java:125)
                        	at org.testng.internal.TestMethodWorker.run(TestMethodWorker.java:108)
                        	at org.testng.TestRunner.privateRun(TestRunner.java:774)
                        	at org.testng.TestRunner.run(TestRunner.java:624)
                        	at org.testng.SuiteRunner.runTest(SuiteRunner.java:359)
                        	at org.testng.SuiteRunner.runSequentially(SuiteRunner.java:354)
                        	at org.testng.SuiteRunner.privateRun(SuiteRunner.java:312)
                        	at org.testng.SuiteRunner.run(SuiteRunner.java:261)
                        	at org.testng.SuiteRunnerWorker.runSuite(SuiteRunnerWorker.java:52)
                        	at org.testng.SuiteRunnerWorker.run(SuiteRunnerWorker.java:86)
                        	at org.testng.TestNG.runSuitesSequentially(TestNG.java:1215)
                        	at org.testng.TestNG.runSuitesLocally(TestNG.java:1140)
                        	at org.testng.TestNG.run(TestNG.java:1048)
                        	at org.testng.remote.RemoteTestNG.run(RemoteTestNG.java:112)
                        	at org.testng.remote.RemoteTestNG.initAndRun(RemoteTestNG.java:205)
                        	at org.testng.remote.RemoteTestNG.main(RemoteTestNG.java:176)
                     </pre>
                  </div>
               </td>
            </tr>
            <tr id="testObjects.TestLoginPage_testLogin_byStatus_failed_FAIL3_row"
                class="testMethodStatusFAIL">
               <td width="100%" class="firstMethodCell">
                  <a onclick="toggleDetailsVisibility('testObjects.TestLoginPage_testLogin_byStatus_failed_FAIL3_details')">testLogin(13714672761
                     
                     ,
                     
                     4717141
                     
                     ,
                     
                     您好，张六一)
                  </a>
               </td>
               <td nowrap="true">14:07:37</td>
               <td nowrap="true" align="right">623 ms
                  
               </td>
               <td nowrap="true">
                  <a onclick="toggleDetailsVisibility('testObjects.TestLoginPage_testLogin_byStatus_failed_FAIL3_exception')">java.lang.AssertionError: 
                     进行截图
                     
                  </a>
                   
                  
               </td>
            </tr>
            <tr>
               <td colspan="4"
                   style="padding: 0; background-color: white; border-style: none; height: 0px;">
                  <div id="testObjects.TestLoginPage_testLogin_byStatus_failed_FAIL3_details"
                       class="testMethodDetails">
                     <div>
                        <b>Name:
                           
                        </b>testLogin
                     </div>
                     <div>
                        <b>Signature:
                           
                        </b>testLogin(java.lang.String, java.lang.String, java.lang.String)[pri:3, instance:testObjects.TestLoginPage@7b10563c]
                     </div>
                     <div>
                        <b>Parameters:
                           
                        </b>
                        
                        13714672761
                        
                        ,
                        
                        4717141
                        
                        ,
                        
                        您好，张六一
                        
                        
                     </div>
                     <div>
                        <b>Start time:
                           
                        </b>14:07:37
                     </div>
                     <div>
                        <b>End time:
                           
                        </b>14:07:37
                     </div>
                     <div>
                        <b>Duration:
                           
                        </b>623 ms
                        
                     </div>
                  </div>
               </td>
            </tr>
            <tr>
               <td colspan="4"
                   style="padding: 0; background-color: white; border-style: none; height: 0px;">
                  <div id="testObjects.TestLoginPage_testLogin_byStatus_failed_FAIL3_exception"
                       class="testMethodDetails">
                     <pre style="padding: 5px; margin: 0;">java.lang.AssertionError: 进行截图
                        	at org.testng.Assert.fail(Assert.java:94)
                        	at testObjects.TestLoginPage.testLogin(TestLoginPage.java:41)
                        	at sun.reflect.NativeMethodAccessorImpl.invoke0(Native Method)
                        	at sun.reflect.NativeMethodAccessorImpl.invoke(Unknown Source)
                        	at sun.reflect.DelegatingMethodAccessorImpl.invoke(Unknown Source)
                        	at java.lang.reflect.Method.invoke(Unknown Source)
                        	at org.testng.internal.MethodInvocationHelper.invokeMethod(MethodInvocationHelper.java:85)
                        	at org.testng.internal.Invoker.invokeMethod(Invoker.java:639)
                        	at org.testng.internal.Invoker.invokeTestMethod(Invoker.java:816)
                        	at org.testng.internal.Invoker.invokeTestMethods(Invoker.java:1124)
                        	at org.testng.internal.TestMethodWorker.invokeTestMethods(TestMethodWorker.java:125)
                        	at org.testng.internal.TestMethodWorker.run(TestMethodWorker.java:108)
                        	at org.testng.TestRunner.privateRun(TestRunner.java:774)
                        	at org.testng.TestRunner.run(TestRunner.java:624)
                        	at org.testng.SuiteRunner.runTest(SuiteRunner.java:359)
                        	at org.testng.SuiteRunner.runSequentially(SuiteRunner.java:354)
                        	at org.testng.SuiteRunner.privateRun(SuiteRunner.java:312)
                        	at org.testng.SuiteRunner.run(SuiteRunner.java:261)
                        	at org.testng.SuiteRunnerWorker.runSuite(SuiteRunnerWorker.java:52)
                        	at org.testng.SuiteRunnerWorker.run(SuiteRunnerWorker.java:86)
                        	at org.testng.TestNG.runSuitesSequentially(TestNG.java:1215)
                        	at org.testng.TestNG.runSuitesLocally(TestNG.java:1140)
                        	at org.testng.TestNG.run(TestNG.java:1048)
                        	at org.testng.remote.RemoteTestNG.run(RemoteTestNG.java:112)
                        	at org.testng.remote.RemoteTestNG.initAndRun(RemoteTestNG.java:205)
                        	at org.testng.remote.RemoteTestNG.main(RemoteTestNG.java:176)
                     </pre>
                  </div>
               </td>
            </tr>
            <tr id="testObjects.TestLoginPage_beforeClass_byStatus_passed_PASS1_row"
                class="testMethodStatusPASS testMethodStatusCONF">
               <td width="100%" class="firstMethodCell">
                  <a onclick="toggleDetailsVisibility('testObjects.TestLoginPage_beforeClass_byStatus_passed_PASS1_details')">beforeClass()</a>
               </td>
               <td nowrap="true">14:07:34</td>
               <td nowrap="true" align="right">573 ms
                  
               </td>
               <td nowrap="true">
                   
                  
               </td>
            </tr>
            <tr>
               <td colspan="4"
                   style="padding: 0; background-color: white; border-style: none; height: 0px;">
                  <div id="testObjects.TestLoginPage_beforeClass_byStatus_passed_PASS1_details"
                       class="testMethodDetails">
                     <div>
                        <b>Name:
                           
                        </b>beforeClass
                     </div>
                     <div>
                        <b>Signature:
                           
                        </b>beforeClass()[pri:0, instance:testObjects.TestLoginPage@7b10563c]
                     </div>
                     <div>
                        <b>Start time:
                           
                        </b>14:07:34
                     </div>
                     <div>
                        <b>End time:
                           
                        </b>14:07:35
                     </div>
                     <div>
                        <b>Duration:
                           
                        </b>573 ms
                        
                     </div>
                  </div>
               </td>
            </tr>
            <tr></tr>
            <tr id="testObjects.TestLoginPage_afterClass_byStatus_passed_PASS2_row"
                class="testMethodStatusPASS testMethodStatusCONF">
               <td width="100%" class="firstMethodCell">
                  <a onclick="toggleDetailsVisibility('testObjects.TestLoginPage_afterClass_byStatus_passed_PASS2_details')">afterClass()</a>
               </td>
               <td nowrap="true">14:07:37</td>
               <td nowrap="true" align="right">433 ms
                  
               </td>
               <td nowrap="true">
                   
                  
               </td>
            </tr>
            <tr>
               <td colspan="4"
                   style="padding: 0; background-color: white; border-style: none; height: 0px;">
                  <div id="testObjects.TestLoginPage_afterClass_byStatus_passed_PASS2_details"
                       class="testMethodDetails">
                     <div>
                        <b>Name:
                           
                        </b>afterClass
                     </div>
                     <div>
                        <b>Signature:
                           
                        </b>afterClass()[pri:0, instance:testObjects.TestLoginPage@7b10563c]
                     </div>
                     <div>
                        <b>Start time:
                           
                        </b>14:07:37
                     </div>
                     <div>
                        <b>End time:
                           
                        </b>14:07:38
                     </div>
                     <div>
                        <b>Duration:
                           
                        </b>433 ms
                        
                     </div>
                  </div>
               </td>
            </tr>
            <tr></tr>
         </table>
      </div>
      <div id="testMethodsByClass" style="display: none;">
         <table class="testMethodsTable" cellpadding="0" cellspacing="0">
            <tr>
               <td colspan="4">
                  <h3 style="display: inline;">testObjects.TestLoginPage</h3>
               </td>
            </tr>
            <tr class="methodsTableHeader">
               <td width="100%">Name</td>
               <td nowrap="true">Started</td>
               <td nowrap="true">Duration</td>
               <td>Exception</td>
            </tr>
            <tr id="testObjects.TestLoginPage_beforeClass_byClass_PASS1_row"
                class="testMethodStatusPASS testMethodStatusCONF">
               <td width="100%" class="firstMethodCell">
                  <a onclick="toggleDetailsVisibility('testObjects.TestLoginPage_beforeClass_byClass_PASS1_details')">beforeClass()</a>
               </td>
               <td nowrap="true">14:07:34</td>
               <td nowrap="true" align="right">573 ms
                  
               </td>
               <td nowrap="true">
                   
                  
               </td>
            </tr>
            <tr>
               <td colspan="4"
                   style="padding: 0; background-color: white; border-style: none; height: 0px;">
                  <div id="testObjects.TestLoginPage_beforeClass_byClass_PASS1_details"
                       class="testMethodDetails">
                     <div>
                        <b>Name:
                           
                        </b>beforeClass
                     </div>
                     <div>
                        <b>Signature:
                           
                        </b>beforeClass()[pri:0, instance:testObjects.TestLoginPage@7b10563c]
                     </div>
                     <div>
                        <b>Start time:
                           
                        </b>14:07:34
                     </div>
                     <div>
                        <b>End time:
                           
                        </b>14:07:35
                     </div>
                     <div>
                        <b>Duration:
                           
                        </b>573 ms
                        
                     </div>
                  </div>
               </td>
            </tr>
            <tr></tr>
            <tr id="testObjects.TestLoginPage_testLogin_byClass_FAIL2_row"
                class="testMethodStatusFAIL">
               <td width="100%" class="firstMethodCell">
                  <a onclick="toggleDetailsVisibility('testObjects.TestLoginPage_testLogin_byClass_FAIL2_details')">testLogin(13714672761
                     
                     ,
                     
                     4717141888
                     
                     ,
                     
                     用户名或密码错误！)
                  </a>
               </td>
               <td nowrap="true">14:07:35</td>
               <td nowrap="true" align="right">1s
                  
               </td>
               <td nowrap="true">
                  <a onclick="toggleDetailsVisibility('testObjects.TestLoginPage_testLogin_byClass_FAIL2_exception')">java.lang.AssertionError: 
                     进行截图
                     
                  </a>
                   
                  
               </td>
            </tr>
            <tr>
               <td colspan="4"
                   style="padding: 0; background-color: white; border-style: none; height: 0px;">
                  <div id="testObjects.TestLoginPage_testLogin_byClass_FAIL2_details"
                       class="testMethodDetails">
                     <div>
                        <b>Name:
                           
                        </b>testLogin
                     </div>
                     <div>
                        <b>Signature:
                           
                        </b>testLogin(java.lang.String, java.lang.String, java.lang.String)[pri:3, instance:testObjects.TestLoginPage@7b10563c]
                     </div>
                     <div>
                        <b>Parameters:
                           
                        </b>
                        
                        13714672761
                        
                        ,
                        
                        4717141888
                        
                        ,
                        
                        用户名或密码错误！
                        
                        
                     </div>
                     <div>
                        <b>Start time:
                           
                        </b>14:07:35
                     </div>
                     <div>
                        <b>End time:
                           
                        </b>14:07:36
                     </div>
                     <div>
                        <b>Duration:
                           
                        </b>1s
                        
                     </div>
                  </div>
               </td>
            </tr>
            <tr>
               <td colspan="4"
                   style="padding: 0; background-color: white; border-style: none; height: 0px;">
                  <div id="testObjects.TestLoginPage_testLogin_byClass_FAIL2_exception"
                       class="testMethodDetails">
                     <pre style="padding: 5px; margin: 0;">java.lang.AssertionError: 进行截图
                        	at org.testng.Assert.fail(Assert.java:94)
                        	at testObjects.TestLoginPage.testLogin(TestLoginPage.java:41)
                        	at sun.reflect.NativeMethodAccessorImpl.invoke0(Native Method)
                        	at sun.reflect.NativeMethodAccessorImpl.invoke(Unknown Source)
                        	at sun.reflect.DelegatingMethodAccessorImpl.invoke(Unknown Source)
                        	at java.lang.reflect.Method.invoke(Unknown Source)
                        	at org.testng.internal.MethodInvocationHelper.invokeMethod(MethodInvocationHelper.java:85)
                        	at org.testng.internal.Invoker.invokeMethod(Invoker.java:639)
                        	at org.testng.internal.Invoker.invokeTestMethod(Invoker.java:816)
                        	at org.testng.internal.Invoker.invokeTestMethods(Invoker.java:1124)
                        	at org.testng.internal.TestMethodWorker.invokeTestMethods(TestMethodWorker.java:125)
                        	at org.testng.internal.TestMethodWorker.run(TestMethodWorker.java:108)
                        	at org.testng.TestRunner.privateRun(TestRunner.java:774)
                        	at org.testng.TestRunner.run(TestRunner.java:624)
                        	at org.testng.SuiteRunner.runTest(SuiteRunner.java:359)
                        	at org.testng.SuiteRunner.runSequentially(SuiteRunner.java:354)
                        	at org.testng.SuiteRunner.privateRun(SuiteRunner.java:312)
                        	at org.testng.SuiteRunner.run(SuiteRunner.java:261)
                        	at org.testng.SuiteRunnerWorker.runSuite(SuiteRunnerWorker.java:52)
                        	at org.testng.SuiteRunnerWorker.run(SuiteRunnerWorker.java:86)
                        	at org.testng.TestNG.runSuitesSequentially(TestNG.java:1215)
                        	at org.testng.TestNG.runSuitesLocally(TestNG.java:1140)
                        	at org.testng.TestNG.run(TestNG.java:1048)
                        	at org.testng.remote.RemoteTestNG.run(RemoteTestNG.java:112)
                        	at org.testng.remote.RemoteTestNG.initAndRun(RemoteTestNG.java:205)
                        	at org.testng.remote.RemoteTestNG.main(RemoteTestNG.java:176)
                     </pre>
                  </div>
               </td>
            </tr>
            <tr id="testObjects.TestLoginPage_testLogin_byClass_FAIL3_row"
                class="testMethodStatusFAIL">
               <td width="100%" class="firstMethodCell">
                  <a onclick="toggleDetailsVisibility('testObjects.TestLoginPage_testLogin_byClass_FAIL3_details')">testLogin(13714672791
                     
                     ,
                     
                     4717141888
                     
                     ,
                     
                     用户名或密码错误！)
                  </a>
               </td>
               <td nowrap="true">14:07:36</td>
               <td nowrap="true" align="right">1s
                  
               </td>
               <td nowrap="true">
                  <a onclick="toggleDetailsVisibility('testObjects.TestLoginPage_testLogin_byClass_FAIL3_exception')">java.lang.AssertionError: 
                     进行截图
                     
                  </a>
                   
                  
               </td>
            </tr>
            <tr>
               <td colspan="4"
                   style="padding: 0; background-color: white; border-style: none; height: 0px;">
                  <div id="testObjects.TestLoginPage_testLogin_byClass_FAIL3_details"
                       class="testMethodDetails">
                     <div>
                        <b>Name:
                           
                        </b>testLogin
                     </div>
                     <div>
                        <b>Signature:
                           
                        </b>testLogin(java.lang.String, java.lang.String, java.lang.String)[pri:3, instance:testObjects.TestLoginPage@7b10563c]
                     </div>
                     <div>
                        <b>Parameters:
                           
                        </b>
                        
                        13714672791
                        
                        ,
                        
                        4717141888
                        
                        ,
                        
                        用户名或密码错误！
                        
                        
                     </div>
                     <div>
                        <b>Start time:
                           
                        </b>14:07:36
                     </div>
                     <div>
                        <b>End time:
                           
                        </b>14:07:37
                     </div>
                     <div>
                        <b>Duration:
                           
                        </b>1s
                        
                     </div>
                  </div>
               </td>
            </tr>
            <tr>
               <td colspan="4"
                   style="padding: 0; background-color: white; border-style: none; height: 0px;">
                  <div id="testObjects.TestLoginPage_testLogin_byClass_FAIL3_exception"
                       class="testMethodDetails">
                     <pre style="padding: 5px; margin: 0;">java.lang.AssertionError: 进行截图
                        	at org.testng.Assert.fail(Assert.java:94)
                        	at testObjects.TestLoginPage.testLogin(TestLoginPage.java:41)
                        	at sun.reflect.NativeMethodAccessorImpl.invoke0(Native Method)
                        	at sun.reflect.NativeMethodAccessorImpl.invoke(Unknown Source)
                        	at sun.reflect.DelegatingMethodAccessorImpl.invoke(Unknown Source)
                        	at java.lang.reflect.Method.invoke(Unknown Source)
                        	at org.testng.internal.MethodInvocationHelper.invokeMethod(MethodInvocationHelper.java:85)
                        	at org.testng.internal.Invoker.invokeMethod(Invoker.java:639)
                        	at org.testng.internal.Invoker.invokeTestMethod(Invoker.java:816)
                        	at org.testng.internal.Invoker.invokeTestMethods(Invoker.java:1124)
                        	at org.testng.internal.TestMethodWorker.invokeTestMethods(TestMethodWorker.java:125)
                        	at org.testng.internal.TestMethodWorker.run(TestMethodWorker.java:108)
                        	at org.testng.TestRunner.privateRun(TestRunner.java:774)
                        	at org.testng.TestRunner.run(TestRunner.java:624)
                        	at org.testng.SuiteRunner.runTest(SuiteRunner.java:359)
                        	at org.testng.SuiteRunner.runSequentially(SuiteRunner.java:354)
                        	at org.testng.SuiteRunner.privateRun(SuiteRunner.java:312)
                        	at org.testng.SuiteRunner.run(SuiteRunner.java:261)
                        	at org.testng.SuiteRunnerWorker.runSuite(SuiteRunnerWorker.java:52)
                        	at org.testng.SuiteRunnerWorker.run(SuiteRunnerWorker.java:86)
                        	at org.testng.TestNG.runSuitesSequentially(TestNG.java:1215)
                        	at org.testng.TestNG.runSuitesLocally(TestNG.java:1140)
                        	at org.testng.TestNG.run(TestNG.java:1048)
                        	at org.testng.remote.RemoteTestNG.run(RemoteTestNG.java:112)
                        	at org.testng.remote.RemoteTestNG.initAndRun(RemoteTestNG.java:205)
                        	at org.testng.remote.RemoteTestNG.main(RemoteTestNG.java:176)
                     </pre>
                  </div>
               </td>
            </tr>
            <tr id="testObjects.TestLoginPage_testLogin_byClass_FAIL4_row"
                class="testMethodStatusFAIL">
               <td width="100%" class="firstMethodCell">
                  <a onclick="toggleDetailsVisibility('testObjects.TestLoginPage_testLogin_byClass_FAIL4_details')">testLogin(13714672761
                     
                     ,
                     
                     4717141
                     
                     ,
                     
                     您好，张六一)
                  </a>
               </td>
               <td nowrap="true">14:07:37</td>
               <td nowrap="true" align="right">623 ms
                  
               </td>
               <td nowrap="true">
                  <a onclick="toggleDetailsVisibility('testObjects.TestLoginPage_testLogin_byClass_FAIL4_exception')">java.lang.AssertionError: 
                     进行截图
                     
                  </a>
                   
                  
               </td>
            </tr>
            <tr>
               <td colspan="4"
                   style="padding: 0; background-color: white; border-style: none; height: 0px;">
                  <div id="testObjects.TestLoginPage_testLogin_byClass_FAIL4_details"
                       class="testMethodDetails">
                     <div>
                        <b>Name:
                           
                        </b>testLogin
                     </div>
                     <div>
                        <b>Signature:
                           
                        </b>testLogin(java.lang.String, java.lang.String, java.lang.String)[pri:3, instance:testObjects.TestLoginPage@7b10563c]
                     </div>
                     <div>
                        <b>Parameters:
                           
                        </b>
                        
                        13714672761
                        
                        ,
                        
                        4717141
                        
                        ,
                        
                        您好，张六一
                        
                        
                     </div>
                     <div>
                        <b>Start time:
                           
                        </b>14:07:37
                     </div>
                     <div>
                        <b>End time:
                           
                        </b>14:07:37
                     </div>
                     <div>
                        <b>Duration:
                           
                        </b>623 ms
                        
                     </div>
                  </div>
               </td>
            </tr>
            <tr>
               <td colspan="4"
                   style="padding: 0; background-color: white; border-style: none; height: 0px;">
                  <div id="testObjects.TestLoginPage_testLogin_byClass_FAIL4_exception"
                       class="testMethodDetails">
                     <pre style="padding: 5px; margin: 0;">java.lang.AssertionError: 进行截图
                        	at org.testng.Assert.fail(Assert.java:94)
                        	at testObjects.TestLoginPage.testLogin(TestLoginPage.java:41)
                        	at sun.reflect.NativeMethodAccessorImpl.invoke0(Native Method)
                        	at sun.reflect.NativeMethodAccessorImpl.invoke(Unknown Source)
                        	at sun.reflect.DelegatingMethodAccessorImpl.invoke(Unknown Source)
                        	at java.lang.reflect.Method.invoke(Unknown Source)
                        	at org.testng.internal.MethodInvocationHelper.invokeMethod(MethodInvocationHelper.java:85)
                        	at org.testng.internal.Invoker.invokeMethod(Invoker.java:639)
                        	at org.testng.internal.Invoker.invokeTestMethod(Invoker.java:816)
                        	at org.testng.internal.Invoker.invokeTestMethods(Invoker.java:1124)
                        	at org.testng.internal.TestMethodWorker.invokeTestMethods(TestMethodWorker.java:125)
                        	at org.testng.internal.TestMethodWorker.run(TestMethodWorker.java:108)
                        	at org.testng.TestRunner.privateRun(TestRunner.java:774)
                        	at org.testng.TestRunner.run(TestRunner.java:624)
                        	at org.testng.SuiteRunner.runTest(SuiteRunner.java:359)
                        	at org.testng.SuiteRunner.runSequentially(SuiteRunner.java:354)
                        	at org.testng.SuiteRunner.privateRun(SuiteRunner.java:312)
                        	at org.testng.SuiteRunner.run(SuiteRunner.java:261)
                        	at org.testng.SuiteRunnerWorker.runSuite(SuiteRunnerWorker.java:52)
                        	at org.testng.SuiteRunnerWorker.run(SuiteRunnerWorker.java:86)
                        	at org.testng.TestNG.runSuitesSequentially(TestNG.java:1215)
                        	at org.testng.TestNG.runSuitesLocally(TestNG.java:1140)
                        	at org.testng.TestNG.run(TestNG.java:1048)
                        	at org.testng.remote.RemoteTestNG.run(RemoteTestNG.java:112)
                        	at org.testng.remote.RemoteTestNG.initAndRun(RemoteTestNG.java:205)
                        	at org.testng.remote.RemoteTestNG.main(RemoteTestNG.java:176)
                     </pre>
                  </div>
               </td>
            </tr>
            <tr id="testObjects.TestLoginPage_afterClass_byClass_PASS5_row"
                class="testMethodStatusPASS testMethodStatusCONF">
               <td width="100%" class="firstMethodCell">
                  <a onclick="toggleDetailsVisibility('testObjects.TestLoginPage_afterClass_byClass_PASS5_details')">afterClass()</a>
               </td>
               <td nowrap="true">14:07:37</td>
               <td nowrap="true" align="right">433 ms
                  
               </td>
               <td nowrap="true">
                   
                  
               </td>
            </tr>
            <tr>
               <td colspan="4"
                   style="padding: 0; background-color: white; border-style: none; height: 0px;">
                  <div id="testObjects.TestLoginPage_afterClass_byClass_PASS5_details"
                       class="testMethodDetails">
                     <div>
                        <b>Name:
                           
                        </b>afterClass
                     </div>
                     <div>
                        <b>Signature:
                           
                        </b>afterClass()[pri:0, instance:testObjects.TestLoginPage@7b10563c]
                     </div>
                     <div>
                        <b>Start time:
                           
                        </b>14:07:37
                     </div>
                     <div>
                        <b>End time:
                           
                        </b>14:07:38
                     </div>
                     <div>
                        <b>Duration:
                           
                        </b>433 ms
                        
                     </div>
                  </div>
               </td>
            </tr>
            <tr></tr>
         </table>
         <br></br>
      </div>
      <div style="margin-top: 15px; color: gray; text-align: center; font-size: 9px;">
         Generated with
         
         <a href="http://code.google.com/p/testng-xslt/" style="color: #8888aa;"
            target="_blank">
            TestNG XSLT
            
         </a>
      </div>
   </body>
</html>